22:46:26 __main__ INFO Program has started running...
22:46:26 utils.get_args INFO INPUT_DATA_PATH = "../../../cropped_384"
22:46:26 utils.get_args INFO IMAGES_PATH = "../../../cropped_384/images"
22:46:26 utils.get_args INFO MASKS_PATH = "../../../cropped_384/circles"
22:46:26 utils.get_args INFO DATA_ORG_PATH = "../data_organization/equal.json"
22:46:26 utils.get_args INFO DATA_ORG_PATH = "../data_organization/equal.json"
22:46:26 utils.get_args INFO COEFS_PATH = "../scale_jsons/coefs.json"
22:46:26 utils.get_args INFO RATIOS_PATH = "../scale_jsons/ratios.json"
22:46:26 utils.get_args INFO EPOCHS = 1
22:46:26 utils.get_args INFO BATCH_SIZE = 8
22:46:26 utils.get_args INFO LEARNING_RATE = 0.001
22:46:26 utils.get_args INFO INPUT_CHANNELS = 3
22:46:26 utils.get_args INFO CLASSES = 1
22:46:26 utils.get_args INFO DEVICE: gpu
22:46:26 utils.get_args INFO ENCODER: efficientnet-b3
22:46:31 utils.get_args INFO ARCHITECTURE: Unet
22:46:31 utils.get_args INFO OPTIMIZER: Adam
22:46:31 utils.get_args INFO LOSS_FUNCTION: BCEWithLogitsLoss
22:46:31 utils.get_args INFO RADIUS = 3mm
22:46:31 utils.get_args INFO SAVE_MODEL_PATH = "../results/models"
22:46:31 utils.get_args INFO SAVE_OUTPUT_PATH = "../results/outputs"
22:46:31 train_and_val INFO Training model started...
22:46:31 train_and_val INFO Current epoch num: 1
22:48:32 train_and_val INFO Loss changed from 0.688582 to 0.035609
22:48:46 train_and_val INFO Metrics on validation
22:48:46 train_and_val INFO Precision: nan
22:48:46 train_and_val INFO Recall: nan
22:48:46 train_and_val INFO F-score: nan
22:48:47 train_and_val INFO Model was saved on 1 epoch, path is "../results/models/circles_equal_unet_efficientnet-b3_bce_with_logits_3mm_15-46:16-04/epoch_1.pt"
22:48:47 utils.measure_time INFO train_and_val_model: 2.2790369 minutes elapsed
22:48:47 pipeline.test INFO Testing model started...
22:49:07 pipeline.test INFO Metrics on test
22:49:07 pipeline.test INFO Precision: nan
22:49:07 pipeline.test INFO Recall: nan
22:49:07 pipeline.test INFO F-score: nan
22:49:07 utils.measure_time INFO testing: 0.3351139 minutes elapsed
22:49:07 __main__ INFO Program has finished running...
